  Student.cpp
d:\documenten\visual studio 2015\projects\modules\modules\module.h(13): error C2061: syntax error: identifier 'Student'
d:\documenten\visual studio 2015\projects\modules\modules\module.h(20): error C2065: 'Student': undeclared identifier
d:\documenten\visual studio 2015\projects\modules\modules\module.h(20): error C2059: syntax error: '>'
d:\documenten\visual studio 2015\projects\modules\modules\module.h(20): error C2976: 'std::vector': too few template arguments
  c:\program files (x86)\microsoft visual studio 14.0\vc\include\vector(679): note: see declaration of 'std::vector'
d:\documenten\visual studio 2015\projects\modules\modules\student.cpp(11): error C2660: 'Module::addStudent': function does not take 1 arguments
d:\documenten\visual studio 2015\projects\modules\modules\student.cpp(18): error C2660: 'Module::addStudent': function does not take 1 arguments
d:\documenten\visual studio 2015\projects\modules\modules\student.cpp(19): error C2660: 'Module::addStudent': function does not take 1 arguments
d:\documenten\visual studio 2015\projects\modules\modules\student.cpp(27): error C2660: 'Module::addStudent': function does not take 1 arguments
d:\documenten\visual studio 2015\projects\modules\modules\student.cpp(28): error C2660: 'Module::addStudent': function does not take 1 arguments
d:\documenten\visual studio 2015\projects\modules\modules\student.cpp(29): error C2660: 'Module::addStudent': function does not take 1 arguments
  Source.cpp
d:\documenten\visual studio 2015\projects\modules\modules\module.h(13): error C2061: syntax error: identifier 'Student'
d:\documenten\visual studio 2015\projects\modules\modules\module.h(20): error C2065: 'Student': undeclared identifier
d:\documenten\visual studio 2015\projects\modules\modules\module.h(20): error C2059: syntax error: '>'
d:\documenten\visual studio 2015\projects\modules\modules\module.h(20): error C2976: 'std::vector': too few template arguments
  c:\program files (x86)\microsoft visual studio 14.0\vc\include\vector(679): note: see declaration of 'std::vector'
  Module.cpp
d:\documenten\visual studio 2015\projects\modules\modules\student.h(9): error C2061: syntax error: identifier 'Module'
d:\documenten\visual studio 2015\projects\modules\modules\student.h(10): error C2061: syntax error: identifier 'Module'
d:\documenten\visual studio 2015\projects\modules\modules\student.h(10): error C2535: 'void Student::addModule(void)': member function already defined or declared
  d:\documenten\visual studio 2015\projects\modules\modules\student.h(9): note: see declaration of 'Student::addModule'
d:\documenten\visual studio 2015\projects\modules\modules\student.h(11): error C2061: syntax error: identifier 'Module'
d:\documenten\visual studio 2015\projects\modules\modules\student.h(11): error C2535: 'void Student::addModule(void)': member function already defined or declared
  d:\documenten\visual studio 2015\projects\modules\modules\student.h(9): note: see declaration of 'Student::addModule'
d:\documenten\visual studio 2015\projects\modules\modules\student.h(18): error C2065: 'Module': undeclared identifier
d:\documenten\visual studio 2015\projects\modules\modules\student.h(18): error C2059: syntax error: '>'
d:\documenten\visual studio 2015\projects\modules\modules\student.h(18): error C2976: 'std::vector': too few template arguments
  c:\program files (x86)\microsoft visual studio 14.0\vc\include\vector(679): note: see declaration of 'std::vector'
  Generating Code...
